<?xml version="1.0" encoding="UTF-8"?>
<testsuite name="com.adv.api.controller.AdvControllerTest" time="1.361" tests="4" errors="0" skipped="0" failures="0">
  <properties>
[...]
</properties>
  <testcase name="testGetAllCampaigns" classname="com.adv.api.controller.AdvControllerTest" time="1.216"/>
  <testcase name="testGetCampaignsOfPartner" classname="com.adv.api.controller.AdvControllerTest" time="0.013"/>
  <testcase name="testGetActiveCampaign" classname="com.adv.api.controller.AdvControllerTest" time="0.117"/>
  <testcase name="testPostCampaign" classname="com.adv.api.controller.AdvControllerTest" time="0.015"/>
</testsuite>